Sat Jan 27 2018 04:49:30 GMT+0100 (WAT): GET /about
Sat Jan 27 2018 04:49:50 GMT+0100 (WAT): GET /
Sat Jan 27 2018 04:54:21 GMT+0100 (WAT): GET /
Sat Jan 27 2018 04:57:09 GMT+0100 (WAT): GET /
Sat Jan 27 2018 09:20:10 GMT+0100 (WAT): GET /
Sat Jan 27 2018 09:20:10 GMT+0100 (WAT): GET /favicon.ico
Sat Jan 27 2018 09:20:24 GMT+0100 (WAT): GET /favicon.ico
Sat Jan 27 2018 09:22:18 GMT+0100 (WAT): GET /help.html
Sat Jan 27 2018 09:22:18 GMT+0100 (WAT): GET /favicon.ico
Sat Jan 27 2018 09:22:22 GMT+0100 (WAT): GET /
Sat Jan 27 2018 09:22:23 GMT+0100 (WAT): GET /favicon.ico
Sat Jan 27 2018 09:22:25 GMT+0100 (WAT): GET /about
Sat Jan 27 2018 09:22:25 GMT+0100 (WAT): GET /favicon.ico
Sat Jan 27 2018 20:23:25 GMT+0100 (WAT): GET /
Sat Jan 27 2018 20:23:29 GMT+0100 (WAT): GET /projects
Sat Jan 27 2018 20:23:35 GMT+0100 (WAT): GET /about
Sat Jan 27 2018 20:23:37 GMT+0100 (WAT): GET /projects
Sat Jan 27 2018 20:23:39 GMT+0100 (WAT): GET /
Sat Jan 27 2018 20:23:41 GMT+0100 (WAT): GET /projects
Sat Jan 27 2018 20:23:42 GMT+0100 (WAT): GET /about
Sat Jan 27 2018 20:23:43 GMT+0100 (WAT): GET /projects
